#-----------------------------------------------------------
# Vivado v2020.2 (64-bit)
# SW Build 3064766 on Wed Nov 18 09:12:45 MST 2020
# IP Build 3064653 on Wed Nov 18 14:17:31 MST 2020
# Start of session at: Wed Feb  8 12:57:59 2023
# Process ID: 7340
# Current directory: C:/Users/Christopher/Desktop/FinalProject/ENSC_452/audio_tutorial
# Command line: vivado.exe -gui_launcher_event rodinguilauncherevent6464 C:\Users\Christopher\Desktop\FinalProject\ENSC_452\audio_tutorial\audio_tutorial.xpr
# Log file: C:/Users/Christopher/Desktop/FinalProject/ENSC_452/audio_tutorial/vivado.log
# Journal file: C:/Users/Christopher/Desktop/FinalProject/ENSC_452/audio_tutorial\vivado.jou
#-----------------------------------------------------------
start_gui
open_project C:/Users/Christopher/Desktop/FinalProject/ENSC_452/audio_tutorial/audio_tutorial.xpr
INFO: [Project 1-313] Project file moved from 'C:/Users/Christopher/Desktop/ENSC_452/audio_tutorial' since last save.
WARNING: [filemgmt 56-2] IP Repository Path: Could not find the directory 'C:/Users/Christopher/Desktop/FinalProject/ENSC_452/audio_tutorial_given_files/sources/zedboard/adventures_with_ip_integrator/ip', nor could it be found using path 'C:/Users/Christopher/Desktop/ENSC_452/audio_tutorial_given_files/sources/zedboard/adventures_with_ip_integrator/ip'.
Scanning sources...
Finished scanning sources
INFO: [IP_Flow 19-234] Refreshing IP repositories
WARNING: [IP_Flow 19-2248] Failed to load user IP repository 'c:/Users/Christopher/Desktop/FinalProject/ENSC_452/audio_tutorial_given_files/sources/zedboard/adventures_with_ip_integrator/ip'; Can't find the specified path.
If this directory should no longer be in your list of user repositories, go to the IP Settings dialog and remove it.
INFO: [IP_Flow 19-2313] Loaded Vivado IP repository 'C:/Xilinx/Vivado/2020.2/data/ip'.
WARNING: [BD 41-1661] One or more IPs have been locked in the design 'design_1.bd'. Please run report_ip_status for more details and recommendations on how to fix this issue.
List of locked IPs:
design_1_led_controller_0_0
design_1_zed_audio_ctrl_0_0

open_project: Time (s): cpu = 00:00:14 ; elapsed = 00:00:08 . Memory (MB): peak = 999.059 ; gain = 0.000
